2019-05-06 T13:37:47EDT custom_logger.pyWARNING :surge: Running: custom_logger.py 
2019-05-06 T13:37:58EDT custom_logger.pyWARNING :surge: Running: recursive_binary_search.py 
2019-05-06 T13:37:58EDT recursive_binary_search.pyINFO    :surge: message from binary search
2019-05-06 T13:37:58EDT recursive_binary_search.pyINFO    :surge: Running recursive_binary_search
2019-05-06 T13:37:58EDT recursive_binary_search.pyERROR   :surge: Error running recursive_binary_search
Traceback (most recent call last):
  File "/Users/praneeshkhanna/Desktop/personal/DataScience/InterviewPrep/DS&Algos/Data-Structures-Algorithms/recursive_binary_search.py", line 15, in recursive_binary_search
    middle = (first+laste)//2
NameError: global name 'laste' is not defined
2019-05-06 T13:48:26EDT recursive_binary_search.pyINFO    :surge: message from binary search
2019-05-06 T13:48:26EDT recursive_binary_search.pyINFO    :surge: Running recursive_binary_search
2019-05-06 T13:48:26EDT recursive_binary_search.pyERROR   :surge: Error running recursive_binary_search
Traceback (most recent call last):
  File "/Users/praneeshkhanna/Desktop/personal/DataScience/InterviewPrep/DS&Algos/Data-Structures-Algorithms/recursive_binary_search.py", line 15, in recursive_binary_search
    middle = (first+laste)//2
NameError: global name 'laste' is not defined
2019-05-06 T13:49:55EDT recursive_binary_search.pyINFO    :surge: message from binary search
2019-05-06 T13:49:55EDT recursive_binary_search.pyINFO    :surge: Running recursive_binary_search
2019-05-06 T13:49:55EDT recursive_binary_search.pyERROR   :surge: Error running recursive_binary_search
Traceback (most recent call last):
  File "/Users/praneeshkhanna/Desktop/personal/DataScience/InterviewPrep/DS&Algos/Data-Structures-Algorithms/recursive_binary_search.py", line 15, in recursive_binary_search
    middle = (first+lasting)//2
NameError: global name 'lasting' is not defined
2019-05-06 T13:55:08EDT custom_logger.pyWARNING :surge: Running: custom_logger.py 
2019-05-06 T13:58:14EDT custom_logger.pyWARNING :surge: Running: recursive_binary_search.py 
2019-05-06 T13:58:14EDT recursive_binary_search.pyINFO    :surge: message from binary search
2019-05-06 T13:58:14EDT recursive_binary_search.pyINFO    :surge: Running recursive_binary_search
2019-05-06 T13:58:14EDT recursive_binary_search.pyERROR   :surge: Error running recursive_binary_search
Traceback (most recent call last):
  File "/Users/praneeshkhanna/Desktop/personal/DataScience/InterviewPrep/DS&Algos/Data-Structures-Algorithms/recursive_binary_search.py", line 14, in recursive_binary_search
    middle = (first+lasting)//2
NameError: global name 'lasting' is not defined
2019-05-06 T13:58:34EDT custom_logger.pyWARNING :surge: Running: recursive_binary_search.py 
2019-05-06 T13:58:34EDT recursive_binary_search.pyINFO    :surge: Running recursive_binary_search
2019-05-06 T13:58:34EDT recursive_binary_search.pyERROR   :surge: Error running recursive_binary_search
Traceback (most recent call last):
  File "/Users/praneeshkhanna/Desktop/personal/DataScience/InterviewPrep/DS&Algos/Data-Structures-Algorithms/recursive_binary_search.py", line 13, in recursive_binary_search
    middle = (first+lasting)//2
NameError: global name 'lasting' is not defined
2019-05-06 T14:05:07EDT custom_logger.pyWARNING :surge: Running: recursive_binary_search.py 
2019-05-06 T14:05:35EDT custom_logger.pyWARNING :surge: Running: recursive_binary_search.py 
2019-05-06 T14:05:35EDT recursive_binary_search.pyINFO    :surge: Running recursive_binary_search
2019-05-06 T14:05:35EDT recursive_binary_search.pyERROR   :surge: Error running recursive_binary_search
Traceback (most recent call last):
  File "/Users/praneeshkhanna/Desktop/personal/DataScience/InterviewPrep/DS&Algos/Data-Structures-Algorithms/recursive_binary_search.py", line 16, in recursive_binary_search
    middle = (first+lasting)//2
NameError: global name 'lasting' is not defined
2019-05-06 T14:06:14EDT custom_logger.pyWARNING :surge: Running: recursive_binary_search.py 
2019-05-06 T14:06:14EDT recursive_binary_search.pyINFO    :surge: Running recursive_binary_search
2019-05-06 T14:06:14EDT recursive_binary_search.pyERROR   :surge: Error running recursive_binary
Traceback (most recent call last):
  File "/Users/praneeshkhanna/Desktop/personal/DataScience/InterviewPrep/DS&Algos/Data-Structures-Algorithms/recursive_binary_search.py", line 16, in recursive_binary
    middle = (first+lasting)//2
NameError: global name 'lasting' is not defined
